{"/Users/omar/Library/Mobile Documents/com~apple~CloudDocs/Courses/Science/Computer Science/TheOdinProject/battleship/factories/gameboard.js": {"path":"/Users/omar/Library/Mobile Documents/com~apple~CloudDocs/Courses/Science/Computer Science/TheOdinProject/battleship/factories/gameboard.js","statementMap":{"0":{"start":{"line":5,"column":18},"end":{"line":5,"column":20}},"1":{"start":{"line":6,"column":4},"end":{"line":11,"column":5}},"2":{"start":{"line":6,"column":17},"end":{"line":6,"column":18}},"3":{"start":{"line":7,"column":6},"end":{"line":7,"column":21}},"4":{"start":{"line":8,"column":6},"end":{"line":10,"column":7}},"5":{"start":{"line":8,"column":19},"end":{"line":8,"column":20}},"6":{"start":{"line":9,"column":8},"end":{"line":9,"column":57}},"7":{"start":{"line":12,"column":4},"end":{"line":12,"column":17}},"8":{"start":{"line":14,"column":2},"end":{"line":14,"column":29}},"9":{"start":{"line":16,"column":0},"end":{"line":18,"column":2}},"10":{"start":{"line":17,"column":2},"end":{"line":17,"column":43}},"11":{"start":{"line":19,"column":0},"end":{"line":22,"column":2}},"12":{"start":{"line":21,"column":2},"end":{"line":21,"column":44}},"13":{"start":{"line":23,"column":0},"end":{"line":34,"column":2}},"14":{"start":{"line":24,"column":23},"end":{"line":24,"column":25}},"15":{"start":{"line":25,"column":2},"end":{"line":32,"column":3}},"16":{"start":{"line":25,"column":15},"end":{"line":25,"column":16}},"17":{"start":{"line":26,"column":4},"end":{"line":31,"column":5}},"18":{"start":{"line":28,"column":6},"end":{"line":28,"column":46}},"19":{"start":{"line":30,"column":6},"end":{"line":30,"column":46}},"20":{"start":{"line":33,"column":2},"end":{"line":33,"column":22}},"21":{"start":{"line":35,"column":0},"end":{"line":37,"column":2}},"22":{"start":{"line":36,"column":2},"end":{"line":36,"column":73}},"23":{"start":{"line":36,"column":39},"end":{"line":36,"column":71}},"24":{"start":{"line":38,"column":0},"end":{"line":42,"column":2}},"25":{"start":{"line":39,"column":2},"end":{"line":41,"column":3}},"26":{"start":{"line":39,"column":15},"end":{"line":39,"column":16}},"27":{"start":{"line":40,"column":4},"end":{"line":40,"column":65}}},"fnMap":{"0":{"name":"Gameboard","decl":{"start":{"line":3,"column":9},"end":{"line":3,"column":18}},"loc":{"start":{"line":3,"column":21},"end":{"line":15,"column":1}},"line":3},"1":{"name":"createBoard","decl":{"start":{"line":4,"column":11},"end":{"line":4,"column":22}},"loc":{"start":{"line":4,"column":25},"end":{"line":13,"column":3}},"line":4},"2":{"name":"receiveShot","decl":{"start":{"line":16,"column":43},"end":{"line":16,"column":54}},"loc":{"start":{"line":16,"column":71},"end":{"line":18,"column":1}},"line":16},"3":{"name":"checkIfShotHit","decl":{"start":{"line":19,"column":46},"end":{"line":19,"column":60}},"loc":{"start":{"line":19,"column":77},"end":{"line":22,"column":1}},"line":19},"4":{"name":"getLocationPoints","decl":{"start":{"line":23,"column":49},"end":{"line":23,"column":66}},"loc":{"start":{"line":23,"column":95},"end":{"line":34,"column":1}},"line":23},"5":{"name":"withinBorders","decl":{"start":{"line":35,"column":45},"end":{"line":35,"column":58}},"loc":{"start":{"line":35,"column":73},"end":{"line":37,"column":1}},"line":35},"6":{"name":"(anonymous_6)","decl":{"start":{"line":36,"column":28},"end":{"line":36,"column":29}},"loc":{"start":{"line":36,"column":39},"end":{"line":36,"column":71}},"line":36},"7":{"name":"checkCollision","decl":{"start":{"line":38,"column":46},"end":{"line":38,"column":60}},"loc":{"start":{"line":38,"column":82},"end":{"line":42,"column":1}},"line":38}},"branchMap":{"0":{"loc":{"start":{"line":26,"column":4},"end":{"line":31,"column":5}},"type":"if","locations":[{"start":{"line":26,"column":4},"end":{"line":31,"column":5}},{"start":{"line":26,"column":4},"end":{"line":31,"column":5}}],"line":26},"1":{"loc":{"start":{"line":36,"column":39},"end":{"line":36,"column":71}},"type":"binary-expr","locations":[{"start":{"line":36,"column":39},"end":{"line":36,"column":53}},{"start":{"line":36,"column":57},"end":{"line":36,"column":71}}],"line":36}},"s":{"0":5,"1":5,"2":5,"3":50,"4":50,"5":50,"6":500,"7":5,"8":5,"9":1,"10":2,"11":1,"12":0,"13":1,"14":0,"15":0,"16":0,"17":0,"18":0,"19":0,"20":0,"21":1,"22":0,"23":0,"24":1,"25":0,"26":0,"27":0},"f":{"0":5,"1":5,"2":2,"3":0,"4":0,"5":0,"6":0,"7":0},"b":{"0":[0,0],"1":[0,0]},"_coverageSchema":"1a1c01bbd47fc00a2c39e90264f33305004495a9","hash":"127044f04424cb44938406544704c802791cd2b6"}
,"/Users/omar/Library/Mobile Documents/com~apple~CloudDocs/Courses/Science/Computer Science/TheOdinProject/battleship/factories/ship.js": {"path":"/Users/omar/Library/Mobile Documents/com~apple~CloudDocs/Courses/Science/Computer Science/TheOdinProject/battleship/factories/ship.js","statementMap":{"0":{"start":{"line":2,"column":2},"end":{"line":2,"column":19}},"1":{"start":{"line":3,"column":2},"end":{"line":21,"column":3}},"2":{"start":{"line":5,"column":6},"end":{"line":5,"column":20}},"3":{"start":{"line":6,"column":6},"end":{"line":6,"column":12}},"4":{"start":{"line":8,"column":6},"end":{"line":8,"column":20}},"5":{"start":{"line":9,"column":6},"end":{"line":9,"column":12}},"6":{"start":{"line":11,"column":6},"end":{"line":11,"column":20}},"7":{"start":{"line":12,"column":6},"end":{"line":12,"column":12}},"8":{"start":{"line":14,"column":6},"end":{"line":14,"column":20}},"9":{"start":{"line":15,"column":6},"end":{"line":15,"column":12}},"10":{"start":{"line":17,"column":6},"end":{"line":17,"column":20}},"11":{"start":{"line":18,"column":6},"end":{"line":18,"column":12}},"12":{"start":{"line":20,"column":6},"end":{"line":20,"column":12}},"13":{"start":{"line":24,"column":2},"end":{"line":24,"column":48}},"14":{"start":{"line":27,"column":0},"end":{"line":29,"column":2}},"15":{"start":{"line":28,"column":2},"end":{"line":28,"column":63}},"16":{"start":{"line":28,"column":43},"end":{"line":28,"column":61}},"17":{"start":{"line":31,"column":0},"end":{"line":34,"column":2}},"18":{"start":{"line":32,"column":2},"end":{"line":32,"column":34}},"19":{"start":{"line":33,"column":2},"end":{"line":33,"column":23}}},"fnMap":{"0":{"name":"Ship","decl":{"start":{"line":1,"column":9},"end":{"line":1,"column":13}},"loc":{"start":{"line":1,"column":20},"end":{"line":25,"column":1}},"line":1},"1":{"name":"isSunk","decl":{"start":{"line":27,"column":33},"end":{"line":27,"column":39}},"loc":{"start":{"line":27,"column":42},"end":{"line":29,"column":1}},"line":27},"2":{"name":"(anonymous_2)","decl":{"start":{"line":28,"column":29},"end":{"line":28,"column":30}},"loc":{"start":{"line":28,"column":43},"end":{"line":28,"column":61}},"line":28},"3":{"name":"hit","decl":{"start":{"line":31,"column":30},"end":{"line":31,"column":33}},"loc":{"start":{"line":31,"column":44},"end":{"line":34,"column":1}},"line":31}},"branchMap":{"0":{"loc":{"start":{"line":3,"column":2},"end":{"line":21,"column":3}},"type":"switch","locations":[{"start":{"line":4,"column":4},"end":{"line":6,"column":12}},{"start":{"line":7,"column":4},"end":{"line":9,"column":12}},{"start":{"line":10,"column":4},"end":{"line":12,"column":12}},{"start":{"line":13,"column":4},"end":{"line":15,"column":12}},{"start":{"line":16,"column":4},"end":{"line":18,"column":12}},{"start":{"line":19,"column":4},"end":{"line":20,"column":12}}],"line":3}},"s":{"0":23,"1":23,"2":12,"3":12,"4":1,"5":1,"6":8,"7":8,"8":1,"9":1,"10":1,"11":1,"12":0,"13":23,"14":2,"15":2,"16":8,"17":2,"18":12,"19":12},"f":{"0":23,"1":2,"2":8,"3":12},"b":{"0":[12,1,8,1,1,0]},"_coverageSchema":"1a1c01bbd47fc00a2c39e90264f33305004495a9","hash":"671f0ba0cd136c189e7044cef2f27de46599f2a6"}
}
