{"/Users/omar/Library/Mobile Documents/com~apple~CloudDocs/Courses/Science/Computer Science/TheOdinProject/battleship/factories/gameboard.js": {"path":"/Users/omar/Library/Mobile Documents/com~apple~CloudDocs/Courses/Science/Computer Science/TheOdinProject/battleship/factories/gameboard.js","statementMap":{"0":{"start":{"line":5,"column":18},"end":{"line":5,"column":20}},"1":{"start":{"line":6,"column":4},"end":{"line":11,"column":5}},"2":{"start":{"line":6,"column":17},"end":{"line":6,"column":18}},"3":{"start":{"line":7,"column":6},"end":{"line":7,"column":21}},"4":{"start":{"line":8,"column":6},"end":{"line":10,"column":7}},"5":{"start":{"line":8,"column":19},"end":{"line":8,"column":20}},"6":{"start":{"line":9,"column":8},"end":{"line":9,"column":57}},"7":{"start":{"line":12,"column":4},"end":{"line":12,"column":17}},"8":{"start":{"line":14,"column":2},"end":{"line":14,"column":29}},"9":{"start":{"line":16,"column":0},"end":{"line":18,"column":2}},"10":{"start":{"line":17,"column":2},"end":{"line":17,"column":43}},"11":{"start":{"line":19,"column":0},"end":{"line":22,"column":2}},"12":{"start":{"line":21,"column":2},"end":{"line":21,"column":44}},"13":{"start":{"line":23,"column":0},"end":{"line":34,"column":2}},"14":{"start":{"line":24,"column":23},"end":{"line":24,"column":25}},"15":{"start":{"line":25,"column":2},"end":{"line":32,"column":3}},"16":{"start":{"line":25,"column":15},"end":{"line":25,"column":16}},"17":{"start":{"line":26,"column":4},"end":{"line":31,"column":5}},"18":{"start":{"line":28,"column":6},"end":{"line":28,"column":46}},"19":{"start":{"line":30,"column":6},"end":{"line":30,"column":46}},"20":{"start":{"line":33,"column":2},"end":{"line":33,"column":22}},"21":{"start":{"line":35,"column":0},"end":{"line":37,"column":2}},"22":{"start":{"line":36,"column":2},"end":{"line":36,"column":71}},"23":{"start":{"line":36,"column":39},"end":{"line":36,"column":69}},"24":{"start":{"line":38,"column":0},"end":{"line":45,"column":2}},"25":{"start":{"line":39,"column":2},"end":{"line":43,"column":3}},"26":{"start":{"line":39,"column":15},"end":{"line":39,"column":16}},"27":{"start":{"line":40,"column":4},"end":{"line":42,"column":5}},"28":{"start":{"line":41,"column":6},"end":{"line":41,"column":18}},"29":{"start":{"line":44,"column":2},"end":{"line":44,"column":15}},"30":{"start":{"line":46,"column":0},"end":{"line":52,"column":2}},"31":{"start":{"line":47,"column":2},"end":{"line":50,"column":3}},"32":{"start":{"line":47,"column":15},"end":{"line":47,"column":16}},"33":{"start":{"line":48,"column":4},"end":{"line":48,"column":76}},"34":{"start":{"line":49,"column":4},"end":{"line":49,"column":70}},"35":{"start":{"line":51,"column":2},"end":{"line":51,"column":20}}},"fnMap":{"0":{"name":"Gameboard","decl":{"start":{"line":3,"column":9},"end":{"line":3,"column":18}},"loc":{"start":{"line":3,"column":21},"end":{"line":15,"column":1}},"line":3},"1":{"name":"createBoard","decl":{"start":{"line":4,"column":11},"end":{"line":4,"column":22}},"loc":{"start":{"line":4,"column":25},"end":{"line":13,"column":3}},"line":4},"2":{"name":"receiveShot","decl":{"start":{"line":16,"column":43},"end":{"line":16,"column":54}},"loc":{"start":{"line":16,"column":71},"end":{"line":18,"column":1}},"line":16},"3":{"name":"checkIfShotHit","decl":{"start":{"line":19,"column":46},"end":{"line":19,"column":60}},"loc":{"start":{"line":19,"column":77},"end":{"line":22,"column":1}},"line":19},"4":{"name":"getLocationPoints","decl":{"start":{"line":23,"column":49},"end":{"line":23,"column":66}},"loc":{"start":{"line":23,"column":95},"end":{"line":34,"column":1}},"line":23},"5":{"name":"withinBorders","decl":{"start":{"line":35,"column":45},"end":{"line":35,"column":58}},"loc":{"start":{"line":35,"column":73},"end":{"line":37,"column":1}},"line":35},"6":{"name":"(anonymous_6)","decl":{"start":{"line":36,"column":28},"end":{"line":36,"column":29}},"loc":{"start":{"line":36,"column":39},"end":{"line":36,"column":69}},"line":36},"7":{"name":"isThereAnotherShip","decl":{"start":{"line":38,"column":50},"end":{"line":38,"column":68}},"loc":{"start":{"line":38,"column":83},"end":{"line":45,"column":1}},"line":38},"8":{"name":"deploy","decl":{"start":{"line":46,"column":38},"end":{"line":46,"column":44}},"loc":{"start":{"line":46,"column":65},"end":{"line":52,"column":1}},"line":46}},"branchMap":{"0":{"loc":{"start":{"line":26,"column":4},"end":{"line":31,"column":5}},"type":"if","locations":[{"start":{"line":26,"column":4},"end":{"line":31,"column":5}},{"start":{"line":26,"column":4},"end":{"line":31,"column":5}}],"line":26},"1":{"loc":{"start":{"line":36,"column":39},"end":{"line":36,"column":69}},"type":"binary-expr","locations":[{"start":{"line":36,"column":39},"end":{"line":36,"column":52}},{"start":{"line":36,"column":56},"end":{"line":36,"column":69}}],"line":36},"2":{"loc":{"start":{"line":40,"column":4},"end":{"line":42,"column":5}},"type":"if","locations":[{"start":{"line":40,"column":4},"end":{"line":42,"column":5}},{"start":{"line":40,"column":4},"end":{"line":42,"column":5}}],"line":40}},"s":{"0":26,"1":26,"2":26,"3":260,"4":260,"5":260,"6":2600,"7":26,"8":26,"9":2,"10":2,"11":2,"12":1,"13":2,"14":15,"15":15,"16":15,"17":69,"18":33,"19":36,"20":15,"21":2,"22":5,"23":17,"24":2,"25":5,"26":5,"27":11,"28":3,"29":2,"30":2,"31":2,"32":2,"33":10,"34":10,"35":2},"f":{"0":26,"1":26,"2":2,"3":1,"4":15,"5":5,"6":17,"7":5,"8":2},"b":{"0":[33,36],"1":[17,16],"2":[3,8]},"_coverageSchema":"1a1c01bbd47fc00a2c39e90264f33305004495a9","hash":"ae054f0e33a3446899e654931ae7eea5871a1b34"}
,"/Users/omar/Library/Mobile Documents/com~apple~CloudDocs/Courses/Science/Computer Science/TheOdinProject/battleship/factories/player.js": {"path":"/Users/omar/Library/Mobile Documents/com~apple~CloudDocs/Courses/Science/Computer Science/TheOdinProject/battleship/factories/player.js","statementMap":{"0":{"start":{"line":4,"column":2},"end":{"line":4,"column":19}},"1":{"start":{"line":5,"column":2},"end":{"line":5,"column":35}},"2":{"start":{"line":6,"column":2},"end":{"line":6,"column":24}},"3":{"start":{"line":8,"column":0},"end":{"line":10,"column":2}},"4":{"start":{"line":9,"column":2},"end":{"line":9,"column":33}},"5":{"start":{"line":11,"column":17},"end":{"line":11,"column":35}},"6":{"start":{"line":12,"column":0},"end":{"line":12,"column":52}}},"fnMap":{"0":{"name":"Player","decl":{"start":{"line":3,"column":9},"end":{"line":3,"column":15}},"loc":{"start":{"line":3,"column":22},"end":{"line":7,"column":1}},"line":3},"1":{"name":"toggleActive","decl":{"start":{"line":8,"column":41},"end":{"line":8,"column":53}},"loc":{"start":{"line":8,"column":56},"end":{"line":10,"column":1}},"line":8}},"branchMap":{},"s":{"0":6,"1":6,"2":6,"3":1,"4":1,"5":1,"6":1},"f":{"0":6,"1":1},"b":{},"_coverageSchema":"1a1c01bbd47fc00a2c39e90264f33305004495a9","hash":"fcd9ac19ab40bfd986cb57437a9bfc140a6d2c65"}
,"/Users/omar/Library/Mobile Documents/com~apple~CloudDocs/Courses/Science/Computer Science/TheOdinProject/battleship/factories/ship.js": {"path":"/Users/omar/Library/Mobile Documents/com~apple~CloudDocs/Courses/Science/Computer Science/TheOdinProject/battleship/factories/ship.js","statementMap":{"0":{"start":{"line":2,"column":2},"end":{"line":2,"column":19}},"1":{"start":{"line":3,"column":2},"end":{"line":21,"column":3}},"2":{"start":{"line":5,"column":6},"end":{"line":5,"column":20}},"3":{"start":{"line":6,"column":6},"end":{"line":6,"column":12}},"4":{"start":{"line":8,"column":6},"end":{"line":8,"column":20}},"5":{"start":{"line":9,"column":6},"end":{"line":9,"column":12}},"6":{"start":{"line":11,"column":6},"end":{"line":11,"column":20}},"7":{"start":{"line":12,"column":6},"end":{"line":12,"column":12}},"8":{"start":{"line":14,"column":6},"end":{"line":14,"column":20}},"9":{"start":{"line":15,"column":6},"end":{"line":15,"column":12}},"10":{"start":{"line":17,"column":6},"end":{"line":17,"column":20}},"11":{"start":{"line":18,"column":6},"end":{"line":18,"column":12}},"12":{"start":{"line":20,"column":6},"end":{"line":20,"column":12}},"13":{"start":{"line":24,"column":2},"end":{"line":24,"column":48}},"14":{"start":{"line":27,"column":0},"end":{"line":29,"column":2}},"15":{"start":{"line":28,"column":2},"end":{"line":28,"column":63}},"16":{"start":{"line":28,"column":43},"end":{"line":28,"column":61}},"17":{"start":{"line":31,"column":0},"end":{"line":34,"column":2}},"18":{"start":{"line":32,"column":2},"end":{"line":32,"column":34}},"19":{"start":{"line":33,"column":2},"end":{"line":33,"column":23}}},"fnMap":{"0":{"name":"Ship","decl":{"start":{"line":1,"column":9},"end":{"line":1,"column":13}},"loc":{"start":{"line":1,"column":20},"end":{"line":25,"column":1}},"line":1},"1":{"name":"isSunk","decl":{"start":{"line":27,"column":33},"end":{"line":27,"column":39}},"loc":{"start":{"line":27,"column":42},"end":{"line":29,"column":1}},"line":27},"2":{"name":"(anonymous_2)","decl":{"start":{"line":28,"column":29},"end":{"line":28,"column":30}},"loc":{"start":{"line":28,"column":43},"end":{"line":28,"column":61}},"line":28},"3":{"name":"hit","decl":{"start":{"line":31,"column":30},"end":{"line":31,"column":33}},"loc":{"start":{"line":31,"column":44},"end":{"line":34,"column":1}},"line":31}},"branchMap":{"0":{"loc":{"start":{"line":3,"column":2},"end":{"line":21,"column":3}},"type":"switch","locations":[{"start":{"line":4,"column":4},"end":{"line":6,"column":12}},{"start":{"line":7,"column":4},"end":{"line":9,"column":12}},{"start":{"line":10,"column":4},"end":{"line":12,"column":12}},{"start":{"line":13,"column":4},"end":{"line":15,"column":12}},{"start":{"line":16,"column":4},"end":{"line":18,"column":12}},{"start":{"line":19,"column":4},"end":{"line":20,"column":12}}],"line":3}},"s":{"0":51,"1":51,"2":42,"3":42,"4":2,"5":2,"6":4,"7":4,"8":1,"9":1,"10":2,"11":2,"12":0,"13":51,"14":3,"15":2,"16":8,"17":3,"18":12,"19":12},"f":{"0":51,"1":2,"2":8,"3":12},"b":{"0":[42,2,4,1,2,0]},"_coverageSchema":"1a1c01bbd47fc00a2c39e90264f33305004495a9","hash":"671f0ba0cd136c189e7044cef2f27de46599f2a6"}
}
