TN:
SF:factories/gameboard.js
FN:3,Gameboard
FN:4,createBoard
FN:16,receiveShot
FN:19,checkIfShotHit
FN:23,getLocationPoints
FN:35,withinBorders
FN:36,(anonymous_6)
FN:38,isThereAnotherShip
FN:46,deploy
FNF:9
FNH:9
FNDA:26,Gameboard
FNDA:26,createBoard
FNDA:2,receiveShot
FNDA:1,checkIfShotHit
FNDA:15,getLocationPoints
FNDA:5,withinBorders
FNDA:17,(anonymous_6)
FNDA:5,isThereAnotherShip
FNDA:2,deploy
DA:5,26
DA:6,26
DA:7,260
DA:8,260
DA:9,2600
DA:12,26
DA:14,26
DA:16,2
DA:17,2
DA:19,2
DA:21,1
DA:23,2
DA:24,15
DA:25,15
DA:26,69
DA:28,33
DA:30,36
DA:33,15
DA:35,2
DA:36,17
DA:38,2
DA:39,5
DA:40,11
DA:41,3
DA:44,2
DA:46,2
DA:47,2
DA:48,10
DA:49,10
DA:51,2
LF:30
LH:30
BRDA:26,0,0,33
BRDA:26,0,1,36
BRDA:36,1,0,17
BRDA:36,1,1,16
BRDA:40,2,0,3
BRDA:40,2,1,8
BRF:6
BRH:6
end_of_record
TN:
SF:factories/player.js
FN:3,Player
FN:8,toggleActive
FNF:2
FNH:2
FNDA:6,Player
FNDA:1,toggleActive
DA:4,6
DA:5,6
DA:6,6
DA:8,1
DA:9,1
DA:11,1
DA:12,1
LF:7
LH:7
BRF:0
BRH:0
end_of_record
TN:
SF:factories/ship.js
FN:1,Ship
FN:27,isSunk
FN:28,(anonymous_2)
FN:31,hit
FNF:4
FNH:4
FNDA:51,Ship
FNDA:2,isSunk
FNDA:8,(anonymous_2)
FNDA:12,hit
DA:2,51
DA:3,51
DA:5,42
DA:6,42
DA:8,2
DA:9,2
DA:11,4
DA:12,4
DA:14,1
DA:15,1
DA:17,2
DA:18,2
DA:20,0
DA:24,51
DA:27,3
DA:28,8
DA:31,3
DA:32,12
DA:33,12
LF:19
LH:18
BRDA:3,0,0,42
BRDA:3,0,1,2
BRDA:3,0,2,4
BRDA:3,0,3,1
BRDA:3,0,4,2
BRDA:3,0,5,0
BRF:6
BRH:5
end_of_record
