TN:
SF:factories/gameboard.js
FN:3,Gameboard
FN:4,createBoard
FN:16,receiveShot
FN:19,checkIfShotHit
FN:23,getLocationPoints
FN:35,withinBorders
FN:36,(anonymous_6)
FN:38,checkCollision
FN:43,deploy
FNF:9
FNH:8
FNDA:15,Gameboard
FNDA:15,createBoard
FNDA:3,receiveShot
FNDA:0,checkIfShotHit
FNDA:12,getLocationPoints
FNDA:6,withinBorders
FNDA:22,(anonymous_6)
FNDA:3,checkCollision
FNDA:1,deploy
DA:5,15
DA:6,15
DA:7,150
DA:8,150
DA:9,1500
DA:12,15
DA:14,15
DA:16,1
DA:17,3
DA:19,1
DA:21,0
DA:23,1
DA:24,12
DA:25,12
DA:26,54
DA:28,28
DA:30,26
DA:33,12
DA:35,1
DA:36,22
DA:38,1
DA:39,3
DA:40,3
DA:43,1
DA:44,1
DA:45,5
DA:46,5
DA:48,1
DA:50,1
DA:51,1
DA:52,1
DA:53,1
DA:54,1
DA:56,1
DA:57,1
DA:58,1
DA:59,1
DA:63,1
DA:64,1
DA:65,1
LF:40
LH:39
BRDA:26,0,0,28
BRDA:26,0,1,26
BRDA:36,1,0,22
BRDA:36,1,1,21
BRF:4
BRH:4
end_of_record
TN:
SF:factories/ship.js
FN:1,Ship
FN:27,isSunk
FN:28,(anonymous_2)
FN:31,hit
FNF:4
FNH:4
FNDA:42,Ship
FNDA:2,isSunk
FNDA:8,(anonymous_2)
FNDA:12,hit
DA:2,42
DA:3,42
DA:5,33
DA:6,33
DA:8,2
DA:9,2
DA:11,4
DA:12,4
DA:14,1
DA:15,1
DA:17,2
DA:18,2
DA:20,0
DA:24,42
DA:27,2
DA:28,8
DA:31,2
DA:32,12
DA:33,12
LF:19
LH:18
BRDA:3,0,0,33
BRDA:3,0,1,2
BRDA:3,0,2,4
BRDA:3,0,3,1
BRDA:3,0,4,2
BRDA:3,0,5,0
BRF:6
BRH:5
end_of_record
